[debug] [2024-06-01T00:03:45.875Z] ----------------------------------------------------------------------
[debug] [2024-06-01T00:03:45.879Z] Command:       C:\Program Files\nodejs\node.exe C:\Users\Administrator\AppData\Roaming\npm\node_modules\firebase-tools\lib\bin\firebase.js init
[debug] [2024-06-01T00:03:45.880Z] CLI Version:   12.7.0
[debug] [2024-06-01T00:03:45.880Z] Platform:      win32
[debug] [2024-06-01T00:03:45.880Z] Node Version:  v20.10.0
[debug] [2024-06-01T00:03:45.880Z] Time:          Sat Jun 01 2024 06:03:45 GMT+0600 (Bangladesh Standard Time)
[debug] [2024-06-01T00:03:45.880Z] ----------------------------------------------------------------------
[debug] 
[debug] [2024-06-01T00:03:45.883Z] >>> [apiv2][query] GET https://firebase-public.firebaseio.com/cli.json [none]
[debug] [2024-06-01T00:03:45.936Z] > command requires scopes: ["email","openid","https://www.googleapis.com/auth/cloudplatformprojects.readonly","https://www.googleapis.com/auth/firebase","https://www.googleapis.com/auth/cloud-platform"]
[debug] [2024-06-01T00:03:45.936Z] > authorizing via signed-in user (hasib7143@gmail.com)
[info] 
     ######## #### ########  ######## ########     ###     ######  ########
     ##        ##  ##     ## ##       ##     ##  ##   ##  ##       ##
     ######    ##  ########  ######   ########  #########  ######  ######
     ##        ##  ##    ##  ##       ##     ## ##     ##       ## ##
     ##       #### ##     ## ######## ########  ##     ##  ######  ########

You're about to initialize a Firebase project in this directory:

  D:\assignments\learn-spoken-english

[debug] [2024-06-01T00:04:00.198Z] <<< [apiv2][status] GET https://firebase-public.firebaseio.com/cli.json 200
[debug] [2024-06-01T00:04:00.199Z] <<< [apiv2][body] GET https://firebase-public.firebaseio.com/cli.json {"cloudBuildErrorAfter":1594252800000,"cloudBuildWarnAfter":1590019200000,"defaultNode10After":1594252800000,"minVersion":"3.0.5","node8DeploysDisabledAfter":1613390400000,"node8RuntimeDisabledAfter":1615809600000,"node8WarnAfter":1600128000000}
[info] 
=== Project Setup
[info] 
[info] First, let's associate this project directory with a Firebase project.
[info] You can create multiple project aliases by running firebase use --add, 
[info] but for now we'll just set up a default project.
[info] 
[debug] [2024-06-01T00:04:08.115Z] > refreshing access token with scopes: []
[debug] [2024-06-01T00:04:08.116Z] >>> [apiv2][query] POST https://www.googleapis.com/oauth2/v3/token [none]
[debug] [2024-06-01T00:04:08.117Z] >>> [apiv2][body] POST https://www.googleapis.com/oauth2/v3/token [omitted]
[debug] [2024-06-01T00:04:23.737Z] *** [apiv2] error from fetch(https://www.googleapis.com/oauth2/v3/token, {"headers":{},"method":"POST","body":{"_overheadLength":545,"_valueLength":212,"_valuesToMeasure":[],"writable":false,"readable":true,"dataSize":0,"maxDataSize":2097152,"pauseStreams":true,"_released":true,"_streams":[],"_currentStream":null,"_insideLoop":false,"_pendingNext":false,"_boundary":"--------------------------025783377268557304541003","_events":{},"_eventsCount":1}}): FetchError: request to https://www.googleapis.com/oauth2/v3/token failed, reason: socket hang up
[debug] [2024-06-01T00:04:23.738Z] Authentication Error: Your credentials are no longer valid. Please run firebase login --reauth

For CI servers and headless environments, generate a new token with firebase login:ci
[debug] [2024-06-01T00:04:26.918Z] FirebaseError: Authentication Error: Your credentials are no longer valid. Please run firebase login --reauth

For CI servers and headless environments, generate a new token with firebase login:ci
    at invalidCredentialError (C:\Users\Administrator\AppData\Roaming\npm\node_modules\firebase-tools\lib\auth.js:144:12)
    at refreshTokens (C:\Users\Administrator\AppData\Roaming\npm\node_modules\firebase-tools\lib\auth.js:508:15)
    at process.processTicksAndRejections (node:internal/process/task_queues:95:5)
    at async Client.getAccessToken (C:\Users\Administrator\AppData\Roaming\npm\node_modules\firebase-tools\lib\apiv2.js:149:22)
    at async Client.addAuthHeader (C:\Users\Administrator\AppData\Roaming\npm\node_modules\firebase-tools\lib\apiv2.js:140:21)
    at async Client.request (C:\Users\Administrator\AppData\Roaming\npm\node_modules\firebase-tools\lib\apiv2.js:96:34)
    at async getProjectPage (C:\Users\Administrator\AppData\Roaming\npm\node_modules\firebase-tools\lib\management\projects.js:238:17)
    at async getFirebaseProjectPage (C:\Users\Administrator\AppData\Roaming\npm\node_modules\firebase-tools\lib\management\projects.js:255:23)
    at async selectProjectInteractively (C:\Users\Administrator\AppData\Roaming\npm\node_modules\firebase-tools\lib\management\projects.js:94:41)
    at async doSetup (C:\Users\Administrator\AppData\Roaming\npm\node_modules\firebase-tools\lib\init\features\project.js:88:27)
[error] 
[error] Error: Failed to list Firebase projects. See firebase-debug.log for more info.
[debug] [2024-06-01T00:05:11.191Z] ----------------------------------------------------------------------
[debug] [2024-06-01T00:05:11.193Z] Command:       C:\Program Files\nodejs\node.exe C:\Users\Administrator\AppData\Roaming\npm\node_modules\firebase-tools\lib\bin\firebase.js init
[debug] [2024-06-01T00:05:11.193Z] CLI Version:   12.7.0
[debug] [2024-06-01T00:05:11.193Z] Platform:      win32
[debug] [2024-06-01T00:05:11.194Z] Node Version:  v20.10.0
[debug] [2024-06-01T00:05:11.194Z] Time:          Sat Jun 01 2024 06:05:11 GMT+0600 (Bangladesh Standard Time)
[debug] [2024-06-01T00:05:11.194Z] ----------------------------------------------------------------------
[debug] 
[debug] [2024-06-01T00:05:11.199Z] > command requires scopes: ["email","openid","https://www.googleapis.com/auth/cloudplatformprojects.readonly","https://www.googleapis.com/auth/firebase","https://www.googleapis.com/auth/cloud-platform"]
[debug] [2024-06-01T00:05:11.199Z] > authorizing via signed-in user (hasib7143@gmail.com)
[info] 
     ######## #### ########  ######## ########     ###     ######  ########
     ##        ##  ##     ## ##       ##     ##  ##   ##  ##       ##
     ######    ##  ########  ######   ########  #########  ######  ######
     ##        ##  ##    ##  ##       ##     ## ##     ##       ## ##
     ##       #### ##     ## ######## ########  ##     ##  ######  ########

You're about to initialize a Firebase project in this directory:

  D:\assignments\learn-spoken-english

[info] 
=== Project Setup
[info] 
[info] First, let's associate this project directory with a Firebase project.
[info] You can create multiple project aliases by running firebase use --add, 
[info] but for now we'll just set up a default project.
[info] 
[debug] [2024-06-01T00:05:51.345Z] > refreshing access token with scopes: []
[debug] [2024-06-01T00:05:51.347Z] >>> [apiv2][query] POST https://www.googleapis.com/oauth2/v3/token [none]
[debug] [2024-06-01T00:05:51.348Z] >>> [apiv2][body] POST https://www.googleapis.com/oauth2/v3/token [omitted]
[debug] [2024-06-01T00:06:00.183Z] <<< [apiv2][status] POST https://www.googleapis.com/oauth2/v3/token 200
[debug] [2024-06-01T00:06:00.183Z] <<< [apiv2][body] POST https://www.googleapis.com/oauth2/v3/token [omitted]
[debug] [2024-06-01T00:06:00.201Z] >>> [apiv2][query] GET https://firebase.googleapis.com/v1beta1/projects pageSize=100
[debug] [2024-06-01T00:06:06.841Z] <<< [apiv2][status] GET https://firebase.googleapis.com/v1beta1/projects 200
[debug] [2024-06-01T00:06:06.842Z] <<< [apiv2][body] GET https://firebase.googleapis.com/v1beta1/projects [omitted]
[info] i  Using project bistro-boss-96a0b (Bistro-Boss) 
[info] 
=== Hosting Setup
[info] 
[info] Your public directory is the folder (relative to your project directory) that
[info] will contain Hosting assets to be uploaded with firebase deploy. If you
[info] have a build process for your assets, use your build's output directory.
[info] 
[info] +  Wrote public/404.html 
[debug] [2024-06-01T00:07:26.689Z] >>> [apiv2][query] GET https://www.gstatic.com/firebasejs/releases.json [none]
[debug] [2024-06-01T00:08:03.402Z] ----------------------------------------------------------------------
[debug] [2024-06-01T00:08:03.405Z] Command:       C:\Program Files\nodejs\node.exe C:\Users\Administrator\AppData\Roaming\npm\node_modules\firebase-tools\lib\bin\firebase.js init
[debug] [2024-06-01T00:08:03.405Z] CLI Version:   12.7.0
[debug] [2024-06-01T00:08:03.405Z] Platform:      win32
[debug] [2024-06-01T00:08:03.405Z] Node Version:  v20.10.0
[debug] [2024-06-01T00:08:03.406Z] Time:          Sat Jun 01 2024 06:08:03 GMT+0600 (Bangladesh Standard Time)
[debug] [2024-06-01T00:08:03.406Z] ----------------------------------------------------------------------
[debug] 
[debug] [2024-06-01T00:08:03.410Z] > command requires scopes: ["email","openid","https://www.googleapis.com/auth/cloudplatformprojects.readonly","https://www.googleapis.com/auth/firebase","https://www.googleapis.com/auth/cloud-platform"]
[debug] [2024-06-01T00:08:03.411Z] > authorizing via signed-in user (hasib7143@gmail.com)
[info] 
     ######## #### ########  ######## ########     ###     ######  ########
     ##        ##  ##     ## ##       ##     ##  ##   ##  ##       ##
     ######    ##  ########  ######   ########  #########  ######  ######
     ##        ##  ##    ##  ##       ##     ## ##     ##       ## ##
     ##       #### ##     ## ######## ########  ##     ##  ######  ########

You're about to initialize a Firebase project in this directory:

  D:\assignments\learn-spoken-english

[info] 
=== Project Setup
[info] 
[info] First, let's associate this project directory with a Firebase project.
[info] You can create multiple project aliases by running firebase use --add, 
[info] but for now we'll just set up a default project.
[info] 
[debug] [2024-06-01T00:08:18.506Z] >>> [apiv2][query] GET https://firebase.googleapis.com/v1beta1/projects pageSize=100
[debug] [2024-06-01T00:08:27.610Z] <<< [apiv2][status] GET https://firebase.googleapis.com/v1beta1/projects 200
[debug] [2024-06-01T00:08:27.611Z] <<< [apiv2][body] GET https://firebase.googleapis.com/v1beta1/projects [omitted]
[info] i  Using project bistro-boss-96a0b (Bistro-Boss) 
[info] 
=== Database Setup
[info] i  database: ensuring required API firebasedatabase.googleapis.com is enabled... 
[debug] [2024-06-01T00:08:42.344Z] >>> [apiv2][query] GET https://serviceusage.googleapis.com/v1/projects/bistro-boss-96a0b/services/firebasedatabase.googleapis.com [none]
[debug] [2024-06-01T00:08:42.345Z] >>> [apiv2][(partial)header] GET https://serviceusage.googleapis.com/v1/projects/bistro-boss-96a0b/services/firebasedatabase.googleapis.com x-goog-quota-user=projects/bistro-boss-96a0b
[debug] [2024-06-01T00:08:59.392Z] <<< [apiv2][status] GET https://serviceusage.googleapis.com/v1/projects/bistro-boss-96a0b/services/firebasedatabase.googleapis.com 200
[debug] [2024-06-01T00:08:59.392Z] <<< [apiv2][body] GET https://serviceusage.googleapis.com/v1/projects/bistro-boss-96a0b/services/firebasedatabase.googleapis.com [omitted]
[warn] !  database: missing required API firebasedatabase.googleapis.com. Enabling now... 
[debug] [2024-06-01T00:08:59.395Z] >>> [apiv2][query] POST https://serviceusage.googleapis.com/v1/projects/bistro-boss-96a0b/services/firebasedatabase.googleapis.com:enable [none]
[debug] [2024-06-01T00:08:59.395Z] >>> [apiv2][(partial)header] POST https://serviceusage.googleapis.com/v1/projects/bistro-boss-96a0b/services/firebasedatabase.googleapis.com:enable x-goog-quota-user=projects/bistro-boss-96a0b
[debug] [2024-06-01T00:09:00.356Z] <<< [apiv2][status] POST https://serviceusage.googleapis.com/v1/projects/bistro-boss-96a0b/services/firebasedatabase.googleapis.com:enable 200
[debug] [2024-06-01T00:09:00.356Z] <<< [apiv2][body] POST https://serviceusage.googleapis.com/v1/projects/bistro-boss-96a0b/services/firebasedatabase.googleapis.com:enable [omitted]
[debug] [2024-06-01T00:09:10.373Z] >>> [apiv2][query] GET https://serviceusage.googleapis.com/v1/projects/bistro-boss-96a0b/services/firebasedatabase.googleapis.com [none]
[debug] [2024-06-01T00:09:10.373Z] >>> [apiv2][(partial)header] GET https://serviceusage.googleapis.com/v1/projects/bistro-boss-96a0b/services/firebasedatabase.googleapis.com x-goog-quota-user=projects/bistro-boss-96a0b
[debug] [2024-06-01T00:09:20.657Z] <<< [apiv2][status] GET https://serviceusage.googleapis.com/v1/projects/bistro-boss-96a0b/services/firebasedatabase.googleapis.com 200
[debug] [2024-06-01T00:09:20.658Z] <<< [apiv2][body] GET https://serviceusage.googleapis.com/v1/projects/bistro-boss-96a0b/services/firebasedatabase.googleapis.com [omitted]
[info] +  database: required API firebasedatabase.googleapis.com is enabled 
[info] 
[debug] [2024-06-01T00:09:20.667Z] >>> [apiv2][query] GET https://firebase.googleapis.com/v1beta1/projects/bistro-boss-96a0b [none]
[debug] [2024-06-01T00:09:26.315Z] <<< [apiv2][status] GET https://firebase.googleapis.com/v1beta1/projects/bistro-boss-96a0b 200
[debug] [2024-06-01T00:09:26.316Z] <<< [apiv2][body] GET https://firebase.googleapis.com/v1beta1/projects/bistro-boss-96a0b {"projectId":"bistro-boss-96a0b","projectNumber":"606243420287","displayName":"Bistro-Boss","name":"projects/bistro-boss-96a0b","resources":{"hostingSite":"bistro-boss-96a0b"},"state":"ACTIVE","etag":"1_e4215e24-179e-46c4-94ff-cb6ed9e36e61"}
